*** Starting uWSGI 2.0.19.1 (32bit) on [Fri Jul 31 16:15:36 2020] ***
compiled with version: 8.3.0 on 17 June 2020 09:19:11
os: Linux-4.19.97-v7l+ #1294 SMP Thu Jan 30 13:21:14 GMT 2020
nodename: raspberrypi
machine: armv7l
clock source: unix
pcre jit disabled
detected number of CPU cores: 4
current working directory: /var/www/chek/static/css
detected binary path: /root/.local/share/virtualenvs/chek-4WDA8xY1/bin/uwsgi
uWSGI running as root, you can use --uid/--gid/--chroot options
*** WARNING: you are running uWSGI as root !!! (use the --uid flag) *** 
*** WARNING: you are running uWSGI without its master process manager ***
your processes number limit is 29184
your memory page size is 4096 bytes
detected max file descriptor number: 1024
lock engine: pthread robust mutexes
thunder lock: disabled (you can enable it with --thunder-lock)
uwsgi socket 0 bound to TCP address :8081 fd 3
uWSGI running as root, you can use --uid/--gid/--chroot options
*** WARNING: you are running uWSGI as root !!! (use the --uid flag) *** 
Python version: 3.7.3 (default, Dec 20 2019, 18:57:59)  [GCC 8.3.0]
*** Python threads support is disabled. You can enable it with --enable-threads ***
Python main interpreter initialized at 0x14bbe20
uWSGI running as root, you can use --uid/--gid/--chroot options
*** WARNING: you are running uWSGI as root !!! (use the --uid flag) *** 
your server socket listen backlog is limited to 100 connections
your mercy for graceful operations on workers is 60 seconds
mapped 64408 bytes (62 KB) for 1 cores
*** Operational MODE: single process ***
ModuleNotFoundError: No module named 'config'
unable to load app 0 (mountpoint='') (callable not found or import error)
*** no app loaded. going in full dynamic mode ***
uWSGI running as root, you can use --uid/--gid/--chroot options
*** WARNING: you are running uWSGI as root !!! (use the --uid flag) *** 
*** uWSGI is running in multiple interpreter mode ***
spawned uWSGI worker 1 (and the only) (pid: 24974, cores: 1)
--- no python application found, check your startup logs for errors ---
[pid: 24974|app: -1|req: -1/1] 192.168.219.1 () {44 vars in 943 bytes} [Fri Jul 31 16:15:41 2020] GET /service/home/ => generated 21 bytes in 0 msecs (HTTP/1.1 500) 2 headers in 83 bytes (0 switches on core 0)
--- no python application found, check your startup logs for errors ---
[pid: 24974|app: -1|req: -1/2] 192.168.219.1 () {44 vars in 943 bytes} [Fri Jul 31 16:15:43 2020] GET /service/home/ => generated 21 bytes in 0 msecs (HTTP/1.1 500) 2 headers in 83 bytes (0 switches on core 0)
--- no python application found, check your startup logs for errors ---
[pid: 24974|app: -1|req: -1/3] 192.168.219.1 () {44 vars in 943 bytes} [Fri Jul 31 16:15:44 2020] GET /service/home/ => generated 21 bytes in 0 msecs (HTTP/1.1 500) 2 headers in 83 bytes (0 switches on core 0)
--- no python application found, check your startup logs for errors ---
[pid: 24974|app: -1|req: -1/4] 192.168.219.1 () {44 vars in 943 bytes} [Fri Jul 31 16:15:44 2020] GET /service/home/ => generated 21 bytes in 0 msecs (HTTP/1.1 500) 2 headers in 83 bytes (0 switches on core 0)
--- no python application found, check your startup logs for errors ---
[pid: 24974|app: -1|req: -1/5] 192.168.219.1 () {44 vars in 954 bytes} [Fri Jul 31 16:15:51 2020] GET /jeseokonly/users/user/ => generated 21 bytes in 0 msecs (HTTP/1.1 500) 2 headers in 83 bytes (0 switches on core 0)
