*** Starting uWSGI 2.0.19.1 (32bit) on [Fri Jul 24 12:38:22 2020] ***
compiled with version: 8.3.0 on 17 June 2020 09:19:11
os: Linux-4.19.97-v7l+ #1294 SMP Thu Jan 30 13:21:14 GMT 2020
nodename: raspberrypi
machine: armv7l
clock source: unix
pcre jit disabled
detected number of CPU cores: 4
current working directory: /root/chek/config
detected binary path: /root/.local/share/virtualenvs/chek-gAMvYMvC/bin/uwsgi
uWSGI running as root, you can use --uid/--gid/--chroot options
*** WARNING: you are running uWSGI as root !!! (use the --uid flag) *** 
*** WARNING: you are running uWSGI without its master process manager ***
your processes number limit is 29184
your memory page size is 4096 bytes
detected max file descriptor number: 1024
lock engine: pthread robust mutexes
thunder lock: disabled (you can enable it with --thunder-lock)
uWSGI http bound on :8080 fd 4
spawned uWSGI http 1 (pid: 28082)
uwsgi socket 0 bound to TCP address 127.0.0.1:46585 (port auto-assigned) fd 3
uWSGI running as root, you can use --uid/--gid/--chroot options
*** WARNING: you are running uWSGI as root !!! (use the --uid flag) *** 
Python version: 3.7.3 (default, Dec 20 2019, 18:57:59)  [GCC 8.3.0]
*** Python threads support is disabled. You can enable it with --enable-threads ***
Python main interpreter initialized at 0x1688728
uWSGI running as root, you can use --uid/--gid/--chroot options
*** WARNING: you are running uWSGI as root !!! (use the --uid flag) *** 
your server socket listen backlog is limited to 100 connections
your mercy for graceful operations on workers is 60 seconds
mapped 64408 bytes (62 KB) for 1 cores
*** Operational MODE: single process ***
ModuleNotFoundError: No module named 'config'
unable to load app 0 (mountpoint='') (callable not found or import error)
*** no app loaded. going in full dynamic mode ***
uWSGI running as root, you can use --uid/--gid/--chroot options
*** WARNING: you are running uWSGI as root !!! (use the --uid flag) *** 
*** uWSGI is running in multiple interpreter mode ***
spawned uWSGI worker 1 (and the only) (pid: 28081, cores: 1)
--- no python application found, check your startup logs for errors ---
[pid: 28081|app: -1|req: -1/1] 222.117.16.117 () {40 vars in 866 bytes} [Fri Jul 24 12:38:28 2020] GET /admin/ => generated 21 bytes in 0 msecs (HTTP/1.1 500) 2 headers in 83 bytes (0 switches on core 0)
--- no python application found, check your startup logs for errors ---
[pid: 28081|app: -1|req: -1/2] 222.117.16.117 () {40 vars in 866 bytes} [Fri Jul 24 12:38:29 2020] GET /admin/ => generated 21 bytes in 0 msecs (HTTP/1.1 500) 2 headers in 83 bytes (0 switches on core 0)
--- no python application found, check your startup logs for errors ---
[pid: 28081|app: -1|req: -1/3] 222.117.16.117 () {40 vars in 866 bytes} [Fri Jul 24 12:38:31 2020] GET /admin/ => generated 21 bytes in 0 msecs (HTTP/1.1 500) 2 headers in 83 bytes (0 switches on core 0)
